生成启动时间为 2023/8/28 20:08:58。
     1>项目“D:\visual studio 2013\Projects\C语言基础\day04\day04\day04.vcxproj”在节点 2 上(Build 个目标)。
     1>ClCompile:
         D:\Microsoft Visual Studio 12.0\VC\bin\CL.exe /c /ZI /nologo /W3 /WX- /sdl /Od /Oy- /D WIN32 /D _DEBUG /D _CONSOLE /D _LIB /D _UNICODE /D UNICODE /Gm /EHsc /RTC1 /MDd /GS /fp:precise /Zc:wchar_t /Zc:forScope /Fo"Debug\\" /Fd"Debug\vc120.pdb" /Gd /TC /analyze- /errorReport:prompt "04-打印99乘法表.c"
         04-打印99乘法表.c
         D:\Microsoft Visual Studio 12.0\VC\bin\CL.exe /c /ZI /nologo /W3 /WX- /sdl /Od /Oy- /D WIN32 /D _DEBUG /D _CONSOLE /D _LIB /D _UNICODE /D UNICODE /Gm /EHsc /RTC1 /MDd /GS /fp:precise /Zc:wchar_t /Zc:forScope /Fo"Debug\\" /Fd"Debug\vc120.pdb" /Gd /TP /analyze- /errorReport:prompt "09-冒泡排序法.cpp"
         09-冒泡排序法.cpp
       Link:
         D:\Microsoft Visual Studio 12.0\VC\bin\link.exe /ERRORREPORT:PROMPT /OUT:"D:\visual studio 2013\Projects\C语言基础\day04\Debug\day04.exe" /INCREMENTAL /NOLOGO kernel32.lib user32.lib gdi32.lib winspool.lib comdlg32.lib advapi32.lib shell32.lib ole32.lib oleaut32.lib uuid.lib odbc32.lib odbccp32.lib /MANIFEST /MANIFESTUAC:"level='asInvoker' uiAccess='false'" /manifest:embed /DEBUG /PDB:"D:\visual studio 2013\Projects\C语言基础\day04\Debug\day04.pdb" /SUBSYSTEM:CONSOLE /TLBID:1 /DYNAMICBASE /NXCOMPAT /IMPLIB:"D:\visual studio 2013\Projects\C语言基础\day04\Debug\day04.lib" /MACHINE:X86 "Debug\01-for循环.obj"
         "Debug\02-猜数字游戏.obj"
         "Debug\03-模拟电子表.obj"
         "Debug\04-打印99乘法表.obj"
         "Debug\05-continue.obj"
         "Debug\06-goto.obj"
         "Debug\07-数组.obj"
         "Debug\08-数组逆序.obj"
         "Debug\09-冒泡排序法.obj"
         day04.vcxproj -> D:\visual studio 2013\Projects\C语言基础\day04\Debug\day04.exe
     1>已完成生成项目“D:\visual studio 2013\Projects\C语言基础\day04\day04\day04.vcxproj”(Build 个目标)的操作。

生成成功。

已用时间 00:00:02.18
