生成启动时间为 2023/8/27 5:48:27。
     1>项目“H:\day03\day03\day03\day03.vcxproj”在节点 2 上(Build 个目标)。
     1>ClCompile:
         I:\Microsoft Visual Studio 12.0\VC\bin\CL.exe /c /ZI /nologo /W3 /WX- /sdl /Od /Oy- /D WIN32 /D _DEBUG /D _CONSOLE /D _LIB /D _UNICODE /D UNICODE /Gm /EHsc /RTC1 /MDd /GS /fp:precise /Zc:wchar_t /Zc:forScope /Fo"Debug\\" /Fd"Debug\vc120.pdb" /Gd /TC /analyze- /errorReport:prompt "10-dowhile循环.c"
         10-dowhile循环.c
       Link:
         I:\Microsoft Visual Studio 12.0\VC\bin\link.exe /ERRORREPORT:PROMPT /OUT:"H:\day03\day03\Debug\day03.exe" /INCREMENTAL /NOLOGO kernel32.lib user32.lib gdi32.lib winspool.lib comdlg32.lib advapi32.lib shell32.lib ole32.lib oleaut32.lib uuid.lib odbc32.lib odbccp32.lib /MANIFEST /MANIFESTUAC:"level='asInvoker' uiAccess='false'" /manifest:embed /DEBUG /PDB:"H:\day03\day03\Debug\day03.pdb" /SUBSYSTEM:CONSOLE /TLBID:1 /DYNAMICBASE /NXCOMPAT /IMPLIB:"H:\day03\day03\Debug\day03.lib" /MACHINE:X86 "Debug\01-字符串的输出.obj"
         "Debug\02-格式化输入.obj"
         "Debug\03-算术运算符.obj"
         "Debug\04-逻辑运算.obj"
         "Debug\05-三目运算符.obj"
         "Debug\06-隐式类型转换和强制类型转换.obj"
         "Debug\07-if分支.obj"
         "Debug\08-switch分支.obj"
         "Debug\09-while循环.obj"
         "Debug\10-dowhile循环.obj"
         "Debug\练习01-三只小猪称体重.obj"
         day03.vcxproj -> H:\day03\day03\Debug\day03.exe
     1>已完成生成项目“H:\day03\day03\day03\day03.vcxproj”(Build 个目标)的操作。

生成成功。

已用时间 00:00:00.29
